# JRE version: Java(TM) SE Runtime Environment (8.0_131-b11) (build 1.8.0_131-b11)
# Java VM: Java HotSpot(TM) 64-Bit Server VM (25.131-b11 mixed mode windows-amd64 compressed oops)
Heap:
 PSYoungGen      total 418304K, used 13974K [0x00000000d6e00000, 0x00000000f8e80000, 0x0000000100000000)
  eden space 401408K, 0% used [0x00000000d6e00000,0x00000000d6e00000,0x00000000ef600000)
  from space 16896K, 82% used [0x00000000ef600000,0x00000000f03a58e0,0x00000000f0680000)
  to   space 17920K, 0% used [0x00000000f7d00000,0x00000000f7d00000,0x00000000f8e80000)
 ParOldGen       total 75264K, used 51516K [0x0000000084a00000, 0x0000000089380000, 0x00000000d6e00000)
  object space 75264K, 68% used [0x0000000084a00000,0x0000000087c4f250,0x0000000089380000)
 Metaspace       used 55866K, capacity 59036K, committed 59096K, reserved 1099776K
  class space    used 7742K, capacity 8295K, committed 8320K, reserved 1048576K
GC Heap History (10 events):
Event: 17.940 GC heap after
Heap after GC invocations=11 (full 2):
 PSYoungGen      total 231936K, used 0K [0x00000000d6e00000, 0x00000000ed100000, 0x0000000100000000)
  eden space 217600K, 0% used [0x00000000d6e00000,0x00000000d6e00000,0x00000000e4280000)
  from space 14336K, 0% used [0x00000000e4280000,0x00000000e4280000,0x00000000e5080000)
  to   space 17920K, 0% used [0x00000000ebf80000,0x00000000ebf80000,0x00000000ed100000)
 ParOldGen       total 75264K, used 23611K [0x0000000084a00000, 0x0000000089380000, 0x00000000d6e00000)
  object space 75264K, 31% used [0x0000000084a00000,0x000000008610ed48,0x0000000089380000)
 Metaspace       used 33970K, capacity 35396K, committed 35456K, reserved 1079296K
  class space    used 4640K, capacity 4934K, committed 4992K, reserved 1048576K
}
Event: 27.974 GC heap before
{Heap before GC invocations=12 (full 2):
 PSYoungGen      total 231936K, used 217600K [0x00000000d6e00000, 0x00000000ed100000, 0x0000000100000000)
  eden space 217600K, 100% used [0x00000000d6e00000,0x00000000e4280000,0x00000000e4280000)
  from space 14336K, 0% used [0x00000000e4280000,0x00000000e4280000,0x00000000e5080000)
  to   space 17920K, 0% used [0x00000000ebf80000,0x00000000ebf80000,0x00000000ed100000)
 ParOldGen       total 75264K, used 23611K [0x0000000084a00000, 0x0000000089380000, 0x00000000d6e00000)
  object space 75264K, 31% used [0x0000000084a00000,0x000000008610ed48,0x0000000089380000)
 Metaspace       used 38183K, capacity 40230K, committed 40576K, reserved 1083392K
  class space    used 5271K, capacity 5653K, committed 5760K, reserved 1048576K
Event: 27.987 GC heap after
Heap after GC invocations=12 (full 2):
 PSYoungGen      total 307200K, used 8413K [0x00000000d6e00000, 0x00000000ec800000, 0x0000000100000000)
  eden space 298496K, 0% used [0x00000000d6e00000,0x00000000d6e00000,0x00000000e9180000)
  from space 8704K, 96% used [0x00000000ebf80000,0x00000000ec7b7408,0x00000000ec800000)
  to   space 16896K, 0% used [0x00000000ea700000,0x00000000ea700000,0x00000000eb780000)
 ParOldGen       total 75264K, used 23619K [0x0000000084a00000, 0x0000000089380000, 0x00000000d6e00000)
  object space 75264K, 31% used [0x0000000084a00000,0x0000000086110d48,0x0000000089380000)
 Metaspace       used 38183K, capacity 40230K, committed 40576K, reserved 1083392K
  class space    used 5271K, capacity 5653K, committed 5760K, reserved 1048576K
}
Event: 32.293 GC heap before
{Heap before GC invocations=13 (full 2):
 PSYoungGen      total 307200K, used 306909K [0x00000000d6e00000, 0x00000000ec800000, 0x0000000100000000)
  eden space 298496K, 100% used [0x00000000d6e00000,0x00000000e9180000,0x00000000e9180000)
  from space 8704K, 96% used [0x00000000ebf80000,0x00000000ec7b7408,0x00000000ec800000)
  to   space 16896K, 0% used [0x00000000ea700000,0x00000000ea700000,0x00000000eb780000)
 ParOldGen       total 75264K, used 23619K [0x0000000084a00000, 0x0000000089380000, 0x00000000d6e00000)
  object space 75264K, 31% used [0x0000000084a00000,0x0000000086110d48,0x0000000089380000)
 Metaspace       used 42569K, capacity 44800K, committed 44928K, reserved 1087488K
  class space    used 5860K, capacity 6258K, committed 6272K, reserved 1048576K
Event: 32.315 GC heap after
Heap after GC invocations=13 (full 2):
 PSYoungGen      total 337408K, used 11315K [0x00000000d6e00000, 0x00000000f1780000, 0x0000000100000000)
  eden space 320512K, 0% used [0x00000000d6e00000,0x00000000d6e00000,0x00000000ea700000)
  from space 16896K, 66% used [0x00000000ea700000,0x00000000eb20cf98,0x00000000eb780000)
  to   space 17408K, 0% used [0x00000000f0680000,0x00000000f0680000,0x00000000f1780000)
 ParOldGen       total 75264K, used 28516K [0x0000000084a00000, 0x0000000089380000, 0x00000000d6e00000)
  object space 75264K, 37% used [0x0000000084a00000,0x00000000865d90b0,0x0000000089380000)
 Metaspace       used 42569K, capacity 44800K, committed 44928K, reserved 1087488K
  class space    used 5860K, capacity 6258K, committed 6272K, reserved 1048576K
}
Event: 37.942 GC heap before
{Heap before GC invocations=14 (full 2):
 PSYoungGen      total 337408K, used 331827K [0x00000000d6e00000, 0x00000000f1780000, 0x0000000100000000)
  eden space 320512K, 100% used [0x00000000d6e00000,0x00000000ea700000,0x00000000ea700000)
  from space 16896K, 66% used [0x00000000ea700000,0x00000000eb20cf98,0x00000000eb780000)
  to   space 17408K, 0% used [0x00000000f0680000,0x00000000f0680000,0x00000000f1780000)
 ParOldGen       total 75264K, used 28516K [0x0000000084a00000, 0x0000000089380000, 0x00000000d6e00000)
  object space 75264K, 37% used [0x0000000084a00000,0x00000000865d90b0,0x0000000089380000)
 Metaspace       used 45471K, capacity 48298K, committed 48640K, reserved 1091584K
  class space    used 6303K, capacity 6806K, committed 6912K, reserved 1048576K
Event: 37.970 GC heap after
Heap after GC invocations=14 (full 2):
 PSYoungGen      total 418816K, used 10359K [0x00000000d6e00000, 0x00000000f2b00000, 0x0000000100000000)
  eden space 401408K, 0% used [0x00000000d6e00000,0x00000000d6e00000,0x00000000ef600000)
  from space 17408K, 59% used [0x00000000f0680000,0x00000000f109df28,0x00000000f1780000)
  to   space 16896K, 0% used [0x00000000ef600000,0x00000000ef600000,0x00000000f0680000)
 ParOldGen       total 75264K, used 36896K [0x0000000084a00000, 0x0000000089380000, 0x00000000d6e00000)
  object space 75264K, 49% used [0x0000000084a00000,0x0000000086e08130,0x0000000089380000)
 Metaspace       used 45471K, capacity 48298K, committed 48640K, reserved 1091584K
  class space    used 6303K, capacity 6806K, committed 6912K, reserved 1048576K
}
Event: 43.202 GC heap before
{Heap before GC invocations=15 (full 2):
 PSYoungGen      total 418816K, used 232483K [0x00000000d6e00000, 0x00000000f2b00000, 0x0000000100000000)
  eden space 401408K, 55% used [0x00000000d6e00000,0x00000000e46eaf08,0x00000000ef600000)
  from space 17408K, 59% used [0x00000000f0680000,0x00000000f109df28,0x00000000f1780000)
  to   space 16896K, 0% used [0x00000000ef600000,0x00000000ef600000,0x00000000f0680000)
 ParOldGen       total 75264K, used 36896K [0x0000000084a00000, 0x0000000089380000, 0x00000000d6e00000)
  object space 75264K, 49% used [0x0000000084a00000,0x0000000086e08130,0x0000000089380000)
 Metaspace       used 55866K, capacity 59036K, committed 59096K, reserved 1099776K
  class space    used 7742K, capacity 8295K, committed 8320K, reserved 1048576K
Event: 43.240 GC heap after
Heap after GC invocations=15 (full 2):
 PSYoungGen      total 418304K, used 13974K [0x00000000d6e00000, 0x00000000f8e80000, 0x0000000100000000)
  eden space 401408K, 0% used [0x00000000d6e00000,0x00000000d6e00000,0x00000000ef600000)
  from space 16896K, 82% used [0x00000000ef600000,0x00000000f03a58e0,0x00000000f0680000)
  to   space 17920K, 0% used [0x00000000f7d00000,0x00000000f7d00000,0x00000000f8e80000)
 ParOldGen       total 75264K, used 51516K [0x0000000084a00000, 0x0000000089380000, 0x00000000d6e00000)
  object space 75264K, 68% used [0x0000000084a00000,0x0000000087c4f250,0x0000000089380000)
 Metaspace       used 55866K, capacity 59036K, committed 59096K, reserved 1099776K
  class space    used 7742K, capacity 8295K, committed 8320K, reserved 1048576K
}
Event: 43.240 GC heap before
{Heap before GC invocations=16 (full 3):
 PSYoungGen      total 418304K, used 13974K [0x00000000d6e00000, 0x00000000f8e80000, 0x0000000100000000)
  eden space 401408K, 0% used [0x00000000d6e00000,0x00000000d6e00000,0x00000000ef600000)
  from space 16896K, 82% used [0x00000000ef600000,0x00000000f03a58e0,0x00000000f0680000)
  to   space 17920K, 0% used [0x00000000f7d00000,0x00000000f7d00000,0x00000000f8e80000)
 ParOldGen       total 75264K, used 51516K [0x0000000084a00000, 0x0000000089380000, 0x00000000d6e00000)
  object space 75264K, 68% used [0x0000000084a00000,0x0000000087c4f250,0x0000000089380000)
 Metaspace       used 55866K, capacity 59036K, committed 59096K, reserved 1099776K
  class space    used 7742K, capacity 8295K, committed 8320K, reserved 1048576K

